<?xml version="1.0" encoding="UTF-8"?>
<testsuite name="com.mateuszjazy.SystemHandlerTest" tests="1" skipped="0" failures="0" errors="0" timestamp="2021-02-04T18:42:51" hostname="PF1NB4XG" time="0.019">
  <properties/>
  <testcase name="testDirectoriesGeneration" classname="com.mateuszjazy.SystemHandlerTest" time="0.019"/>
  <system-out><![CDATA[]]></system-out>
  <system-err><![CDATA[]]></system-err>
</testsuite>
