<?xml version="1.0" encoding="UTF-8"?>
<testsuite name="com.mateuszjazy.FilesMovingRulesHandlerTest" tests="1" skipped="0" failures="0" errors="0" timestamp="2021-02-04T19:54:41" hostname="PF1NB4XG" time="0.001">
  <properties/>
  <testcase name="testIfShouldBeMovedToTest" classname="com.mateuszjazy.FilesMovingRulesHandlerTest" time="0.001"/>
  <system-out><![CDATA[]]></system-out>
  <system-err><![CDATA[]]></system-err>
</testsuite>
